[Sun Mar 13 19:10:08 2022]: A client requested /index.html
[Sun Mar 13 19:10:08 2022]: A client requested /stylesheet.css
[Sun Mar 13 19:10:08 2022]: A client requested /image.png
[Sun Mar 13 19:10:08 2022]: A client requested /favicon.ico
[Sun Mar 13 19:10:26 2022]: A client requested /index.html
[Sun Mar 13 19:10:26 2022]: A client requested /stylesheet.css
[Sun Mar 13 19:10:26 2022]: A client requested /image.png
[Sun Mar 13 19:10:26 2022]: A client requested /favicon.ico
[Sun Mar 13 19:10:45 2022]: A client requested /index.html
[Sun Mar 13 19:10:45 2022]: A client requested /stylesheet.css
[Sun Mar 13 19:10:45 2022]: A client requested /image.png
[Sun Mar 13 19:10:45 2022]: A client requested /favicon.ico
[Thu Mar 17 19:49:39 2022]: A client requested /index.html
[Thu Mar 17 19:49:39 2022]: A client requested /stylesheet.css
[Thu Mar 17 19:49:39 2022]: A client requested /image.png
[Thu Mar 17 19:49:45 2022]: A client requested /contact.html
[Thu Mar 17 19:49:51 2022]: A client requested /rethrthrth.html
[Thu Mar 17 19:50:24 2022]: A client requested /index.html
[Thu Mar 17 19:50:24 2022]: A client requested /stylesheet.css
[Thu Mar 17 19:50:24 2022]: A client requested /image.png
[Thu Mar 17 19:52:28 2022]: A client requested /index.html
[Thu Mar 17 19:52:28 2022]: A client requested /stylesheet.css
[Thu Mar 17 19:52:28 2022]: A client requested /image.png
[Thu Mar 17 19:52:29 2022]: A client requested /index.html
[Thu Mar 17 19:52:29 2022]: A client requested /stylesheet.css
[Thu Mar 17 19:52:29 2022]: A client requested /image.png
[Thu Mar 17 19:55:12 2022]: A client requested /index.html
[Thu Mar 17 19:55:12 2022]: A client requested /stylesheet.css
[Thu Mar 17 19:55:12 2022]: A client requested /image.png
[Thu Mar 17 19:55:12 2022]: A client requested /favicon.ico
[Thu Mar 17 19:55:28 2022]: A client requested /index.html
[Thu Mar 17 19:55:28 2022]: A client requested /stylesheet.css
[Thu Mar 17 19:55:28 2022]: A client requested /image.png
[Thu Mar 17 19:55:28 2022]: A client requested /favicon.ico
[Thu Mar 17 19:55:29 2022]: A client requested /index.html
[Thu Mar 17 19:55:29 2022]: A client requested /stylesheet.css
[Thu Mar 17 19:55:29 2022]: A client requested /image.png
[Thu Mar 17 19:55:29 2022]: A client requested /favicon.ico
[Thu Mar 17 19:55:30 2022]: A client requested /index.html
[Thu Mar 17 19:55:30 2022]: A client requested /stylesheet.css
[Thu Mar 17 19:55:30 2022]: A client requested /image.png
[Thu Mar 17 19:55:30 2022]: A client requested /favicon.ico
